[INFO ] 2017-11-02 10:08:48,198 [main] Logback logging API implementation is configured.
[INFO ] 2017-11-02 10:08:53,646 [main] FrameworkServlet 'openrdf-http-server': initialization completed in 10912 ms
[INFO ] 2017-11-02 10:36:19,903 [repositories/kiln] POST query -1227659729
[INFO ] 2017-11-02 10:36:20,103 [repositories/kiln] Request for query -1227659729 is finished
[INFO ] 2017-11-02 10:36:24,730 [repositories/kiln] POST query -1227659729
[INFO ] 2017-11-02 10:36:24,755 [repositories/kiln] Request for query -1227659729 is finished
[INFO ] 2017-11-02 10:52:34,659 [repositories/kiln] POST query -1227659729
[INFO ] 2017-11-02 10:52:34,683 [repositories/kiln] Request for query -1227659729 is finished
[INFO ] 2017-11-02 11:18:28,313 [Thread-1] Closing org.springframework.web.context.support.XmlWebApplicationContext@6dc6608c: display name [WebApplicationContext for namespace 'openrdf-http-server-servlet']; startup date [Thu Nov 02 10:08:42 EET 2017]; root of context hierarchy
[INFO ] 2017-11-02 11:18:28,314 [Thread-1] Destroying singletons in org.springframework.beans.factory.support.DefaultListableBeanFactory@487fc205: defining beans [messageSource,adunaAppVersion,adunaAppConfig,adunaWebappNavigation,adunaWebappCommonValuesInserter,adunaWebappMessageInserter,adunaWebappNavigationInserter,filenameViewController,viewResolver,adunaWebappSystemUrlMapping,adunaWebappSystemOverviewController,adunaWebappLoggingOverviewController,adunaWebappSystemInfoController,openrdfRepositoryManager,scopedTarget.openrdfRepositoryInterceptor,openrdfRepositoryInterceptor,openrdfProtocolUrlMapping,openrdfRepositoryListUrlMapping,openrdfRepositoryUrlMapping,openrdfServerHomeUrlMapping,openrdfHandlerExceptionResolver,openrdfProtocolController,openrdfRepositoryListController,openrdfRepositoryController,openrdfRepositoryContextsController,openrdfRepositoryNamespacesController,openrdfRepositoryNamespaceController,openrdfRepositorySizeController,openrdfRepositoryStatementsController,openrdfRepositoryGraphController]; root of factory hierarchy
[INFO ] 2017-11-02 11:18:54,161 [main] Logback logging API implementation is configured.
[INFO ] 2017-11-02 11:18:59,480 [main] FrameworkServlet 'openrdf-http-server': initialization completed in 10709 ms
[INFO ] 2017-11-02 11:19:28,238 [repositories/kiln] POST query -1227659729
[INFO ] 2017-11-02 11:19:28,450 [repositories/kiln] Request for query -1227659729 is finished
[INFO ] 2017-11-02 11:33:08,127 [repositories/kiln] POST transaction to repository
[WARN ] 2017-11-02 11:33:08,132 [repositories/kiln] Class org.apache.xerces.parsers.SAXParser not found
[INFO ] 2017-11-02 11:33:08,494 [repositories/kiln] POST data to repository
[INFO ] 2017-11-02 11:33:08,508 [repositories/kiln] no base URI specified, using dummy 'foo:bar'
[WARN ] 2017-11-02 11:33:08,525 [repositories/kiln] Class org.apache.xerces.parsers.SAXParser not found
[INFO ] 2017-11-02 11:33:08,678 [repositories/kiln] POST transaction to repository
[WARN ] 2017-11-02 11:33:08,679 [repositories/kiln] Class org.apache.xerces.parsers.SAXParser not found
[INFO ] 2017-11-02 11:33:08,885 [repositories/kiln] POST data to repository
[INFO ] 2017-11-02 11:33:08,885 [repositories/kiln] no base URI specified, using dummy 'foo:bar'
[WARN ] 2017-11-02 11:33:08,886 [repositories/kiln] Class org.apache.xerces.parsers.SAXParser not found
[INFO ] 2017-11-02 11:33:09,007 [repositories/kiln] POST transaction to repository
[WARN ] 2017-11-02 11:33:09,007 [repositories/kiln] Class org.apache.xerces.parsers.SAXParser not found
[INFO ] 2017-11-02 11:33:09,261 [repositories/kiln] POST data to repository
[INFO ] 2017-11-02 11:33:09,263 [repositories/kiln] no base URI specified, using dummy 'foo:bar'
[WARN ] 2017-11-02 11:33:09,264 [repositories/kiln] Class org.apache.xerces.parsers.SAXParser not found
[INFO ] 2017-11-02 11:33:09,391 [repositories/kiln] POST transaction to repository
[WARN ] 2017-11-02 11:33:09,391 [repositories/kiln] Class org.apache.xerces.parsers.SAXParser not found
[INFO ] 2017-11-02 11:33:09,571 [repositories/kiln] POST data to repository
[INFO ] 2017-11-02 11:33:09,572 [repositories/kiln] no base URI specified, using dummy 'foo:bar'
[WARN ] 2017-11-02 11:33:09,573 [repositories/kiln] Class org.apache.xerces.parsers.SAXParser not found
[INFO ] 2017-11-02 11:33:09,700 [repositories/kiln] POST transaction to repository
[WARN ] 2017-11-02 11:33:09,701 [repositories/kiln] Class org.apache.xerces.parsers.SAXParser not found
[INFO ] 2017-11-02 11:33:09,897 [repositories/kiln] POST data to repository
[INFO ] 2017-11-02 11:33:09,897 [repositories/kiln] no base URI specified, using dummy 'foo:bar'
[WARN ] 2017-11-02 11:33:09,897 [repositories/kiln] Class org.apache.xerces.parsers.SAXParser not found
[INFO ] 2017-11-02 11:33:10,023 [repositories/kiln] POST transaction to repository
[WARN ] 2017-11-02 11:33:10,024 [repositories/kiln] Class org.apache.xerces.parsers.SAXParser not found
[INFO ] 2017-11-02 11:33:10,253 [repositories/kiln] POST data to repository
[INFO ] 2017-11-02 11:33:10,253 [repositories/kiln] no base URI specified, using dummy 'foo:bar'
[WARN ] 2017-11-02 11:33:10,254 [repositories/kiln] Class org.apache.xerces.parsers.SAXParser not found
[INFO ] 2017-11-02 11:33:10,350 [repositories/kiln] POST transaction to repository
[WARN ] 2017-11-02 11:33:10,351 [repositories/kiln] Class org.apache.xerces.parsers.SAXParser not found
[INFO ] 2017-11-02 11:33:10,535 [repositories/kiln] POST data to repository
[INFO ] 2017-11-02 11:33:10,535 [repositories/kiln] no base URI specified, using dummy 'foo:bar'
[WARN ] 2017-11-02 11:33:10,536 [repositories/kiln] Class org.apache.xerces.parsers.SAXParser not found
[INFO ] 2017-11-02 11:33:10,623 [repositories/kiln] POST transaction to repository
[WARN ] 2017-11-02 11:33:10,624 [repositories/kiln] Class org.apache.xerces.parsers.SAXParser not found
[INFO ] 2017-11-02 11:33:10,754 [repositories/kiln] POST data to repository
[INFO ] 2017-11-02 11:33:10,754 [repositories/kiln] no base URI specified, using dummy 'foo:bar'
[WARN ] 2017-11-02 11:33:10,754 [repositories/kiln] Class org.apache.xerces.parsers.SAXParser not found
[INFO ] 2017-11-02 11:33:10,868 [repositories/kiln] POST transaction to repository
[WARN ] 2017-11-02 11:33:10,869 [repositories/kiln] Class org.apache.xerces.parsers.SAXParser not found
[INFO ] 2017-11-02 11:33:11,014 [repositories/kiln] POST data to repository
[INFO ] 2017-11-02 11:33:11,014 [repositories/kiln] no base URI specified, using dummy 'foo:bar'
[WARN ] 2017-11-02 11:33:11,014 [repositories/kiln] Class org.apache.xerces.parsers.SAXParser not found
[INFO ] 2017-11-02 11:33:11,102 [repositories/kiln] POST transaction to repository
[WARN ] 2017-11-02 11:33:11,102 [repositories/kiln] Class org.apache.xerces.parsers.SAXParser not found
[INFO ] 2017-11-02 11:33:11,249 [repositories/kiln] POST data to repository
[INFO ] 2017-11-02 11:33:11,249 [repositories/kiln] no base URI specified, using dummy 'foo:bar'
[WARN ] 2017-11-02 11:33:11,250 [repositories/kiln] Class org.apache.xerces.parsers.SAXParser not found
[INFO ] 2017-11-02 11:33:11,356 [repositories/kiln] POST transaction to repository
[WARN ] 2017-11-02 11:33:11,356 [repositories/kiln] Class org.apache.xerces.parsers.SAXParser not found
[INFO ] 2017-11-02 11:33:11,534 [repositories/kiln] POST data to repository
[INFO ] 2017-11-02 11:33:11,534 [repositories/kiln] no base URI specified, using dummy 'foo:bar'
[WARN ] 2017-11-02 11:33:11,536 [repositories/kiln] Class org.apache.xerces.parsers.SAXParser not found
[INFO ] 2017-11-02 11:33:11,629 [repositories/kiln] POST transaction to repository
[WARN ] 2017-11-02 11:33:11,629 [repositories/kiln] Class org.apache.xerces.parsers.SAXParser not found
[INFO ] 2017-11-02 11:33:11,636 [repositories/kiln] POST data to repository
[INFO ] 2017-11-02 11:33:11,637 [repositories/kiln] no base URI specified, using dummy 'foo:bar'
[WARN ] 2017-11-02 11:33:11,637 [repositories/kiln] Class org.apache.xerces.parsers.SAXParser not found
[INFO ] 2017-11-02 11:33:11,644 [repositories/kiln] POST transaction to repository
[WARN ] 2017-11-02 11:33:11,644 [repositories/kiln] Class org.apache.xerces.parsers.SAXParser not found
[INFO ] 2017-11-02 11:33:11,651 [repositories/kiln] POST data to repository
[INFO ] 2017-11-02 11:33:11,651 [repositories/kiln] no base URI specified, using dummy 'foo:bar'
[WARN ] 2017-11-02 11:33:11,651 [repositories/kiln] Class org.apache.xerces.parsers.SAXParser not found
[INFO ] 2017-11-02 11:33:11,658 [repositories/kiln] POST transaction to repository
[WARN ] 2017-11-02 11:33:11,658 [repositories/kiln] Class org.apache.xerces.parsers.SAXParser not found
[INFO ] 2017-11-02 11:33:11,663 [repositories/kiln] POST data to repository
[INFO ] 2017-11-02 11:33:11,663 [repositories/kiln] no base URI specified, using dummy 'foo:bar'
[WARN ] 2017-11-02 11:33:11,663 [repositories/kiln] Class org.apache.xerces.parsers.SAXParser not found
[INFO ] 2017-11-02 11:33:11,669 [repositories/kiln] POST transaction to repository
[WARN ] 2017-11-02 11:33:11,670 [repositories/kiln] Class org.apache.xerces.parsers.SAXParser not found
[INFO ] 2017-11-02 11:33:11,675 [repositories/kiln] POST data to repository
[INFO ] 2017-11-02 11:33:11,675 [repositories/kiln] no base URI specified, using dummy 'foo:bar'
[WARN ] 2017-11-02 11:33:11,675 [repositories/kiln] Class org.apache.xerces.parsers.SAXParser not found
[INFO ] 2017-11-02 11:33:11,683 [repositories/kiln] POST transaction to repository
[WARN ] 2017-11-02 11:33:11,683 [repositories/kiln] Class org.apache.xerces.parsers.SAXParser not found
[INFO ] 2017-11-02 11:33:11,690 [repositories/kiln] POST data to repository
[INFO ] 2017-11-02 11:33:11,690 [repositories/kiln] no base URI specified, using dummy 'foo:bar'
[WARN ] 2017-11-02 11:33:11,690 [repositories/kiln] Class org.apache.xerces.parsers.SAXParser not found
[INFO ] 2017-11-02 11:33:11,697 [repositories/kiln] POST transaction to repository
[WARN ] 2017-11-02 11:33:11,698 [repositories/kiln] Class org.apache.xerces.parsers.SAXParser not found
[INFO ] 2017-11-02 11:33:11,703 [repositories/kiln] POST data to repository
[INFO ] 2017-11-02 11:33:11,703 [repositories/kiln] no base URI specified, using dummy 'foo:bar'
[WARN ] 2017-11-02 11:33:11,704 [repositories/kiln] Class org.apache.xerces.parsers.SAXParser not found
[INFO ] 2017-11-02 11:33:11,712 [repositories/kiln] POST transaction to repository
[WARN ] 2017-11-02 11:33:11,712 [repositories/kiln] Class org.apache.xerces.parsers.SAXParser not found
[INFO ] 2017-11-02 11:33:11,719 [repositories/kiln] POST data to repository
[INFO ] 2017-11-02 11:33:11,719 [repositories/kiln] no base URI specified, using dummy 'foo:bar'
[WARN ] 2017-11-02 11:33:11,719 [repositories/kiln] Class org.apache.xerces.parsers.SAXParser not found
[INFO ] 2017-11-02 11:33:11,727 [repositories/kiln] POST transaction to repository
[WARN ] 2017-11-02 11:33:11,728 [repositories/kiln] Class org.apache.xerces.parsers.SAXParser not found
[INFO ] 2017-11-02 11:33:11,735 [repositories/kiln] POST data to repository
[INFO ] 2017-11-02 11:33:11,735 [repositories/kiln] no base URI specified, using dummy 'foo:bar'
[WARN ] 2017-11-02 11:33:11,735 [repositories/kiln] Class org.apache.xerces.parsers.SAXParser not found
[INFO ] 2017-11-02 11:33:11,745 [repositories/kiln] POST transaction to repository
[WARN ] 2017-11-02 11:33:11,746 [repositories/kiln] Class org.apache.xerces.parsers.SAXParser not found
[INFO ] 2017-11-02 11:33:11,753 [repositories/kiln] POST data to repository
[INFO ] 2017-11-02 11:33:11,753 [repositories/kiln] no base URI specified, using dummy 'foo:bar'
[WARN ] 2017-11-02 11:33:11,754 [repositories/kiln] Class org.apache.xerces.parsers.SAXParser not found
[INFO ] 2017-11-02 11:33:11,762 [repositories/kiln] POST transaction to repository
[WARN ] 2017-11-02 11:33:11,762 [repositories/kiln] Class org.apache.xerces.parsers.SAXParser not found
[INFO ] 2017-11-02 11:33:11,769 [repositories/kiln] POST data to repository
[INFO ] 2017-11-02 11:33:11,770 [repositories/kiln] no base URI specified, using dummy 'foo:bar'
[WARN ] 2017-11-02 11:33:11,770 [repositories/kiln] Class org.apache.xerces.parsers.SAXParser not found
[INFO ] 2017-11-02 11:33:11,779 [repositories/kiln] POST transaction to repository
[WARN ] 2017-11-02 11:33:11,779 [repositories/kiln] Class org.apache.xerces.parsers.SAXParser not found
[INFO ] 2017-11-02 11:33:11,788 [repositories/kiln] POST data to repository
[INFO ] 2017-11-02 11:33:11,789 [repositories/kiln] no base URI specified, using dummy 'foo:bar'
[WARN ] 2017-11-02 11:33:11,790 [repositories/kiln] Class org.apache.xerces.parsers.SAXParser not found
[INFO ] 2017-11-02 11:33:11,797 [repositories/kiln] POST transaction to repository
[WARN ] 2017-11-02 11:33:11,798 [repositories/kiln] Class org.apache.xerces.parsers.SAXParser not found
[INFO ] 2017-11-02 11:33:11,805 [repositories/kiln] POST data to repository
[INFO ] 2017-11-02 11:33:11,805 [repositories/kiln] no base URI specified, using dummy 'foo:bar'
[WARN ] 2017-11-02 11:33:11,805 [repositories/kiln] Class org.apache.xerces.parsers.SAXParser not found
[INFO ] 2017-11-02 11:33:11,812 [repositories/kiln] POST transaction to repository
[WARN ] 2017-11-02 11:33:11,813 [repositories/kiln] Class org.apache.xerces.parsers.SAXParser not found
[INFO ] 2017-11-02 11:33:11,821 [repositories/kiln] POST data to repository
[INFO ] 2017-11-02 11:33:11,821 [repositories/kiln] no base URI specified, using dummy 'foo:bar'
[WARN ] 2017-11-02 11:33:11,822 [repositories/kiln] Class org.apache.xerces.parsers.SAXParser not found
[INFO ] 2017-11-02 11:33:11,827 [repositories/kiln] POST transaction to repository
[WARN ] 2017-11-02 11:33:11,828 [repositories/kiln] Class org.apache.xerces.parsers.SAXParser not found
[INFO ] 2017-11-02 11:33:11,835 [repositories/kiln] POST data to repository
[INFO ] 2017-11-02 11:33:11,836 [repositories/kiln] no base URI specified, using dummy 'foo:bar'
[WARN ] 2017-11-02 11:33:11,836 [repositories/kiln] Class org.apache.xerces.parsers.SAXParser not found
[INFO ] 2017-11-02 11:33:11,845 [repositories/kiln] POST transaction to repository
[WARN ] 2017-11-02 11:33:11,845 [repositories/kiln] Class org.apache.xerces.parsers.SAXParser not found
[INFO ] 2017-11-02 11:33:11,852 [repositories/kiln] POST data to repository
[INFO ] 2017-11-02 11:33:11,852 [repositories/kiln] no base URI specified, using dummy 'foo:bar'
[WARN ] 2017-11-02 11:33:11,852 [repositories/kiln] Class org.apache.xerces.parsers.SAXParser not found
[INFO ] 2017-11-02 11:33:11,864 [repositories/kiln] POST transaction to repository
[WARN ] 2017-11-02 11:33:11,864 [repositories/kiln] Class org.apache.xerces.parsers.SAXParser not found
[INFO ] 2017-11-02 11:33:12,060 [repositories/kiln] POST data to repository
[INFO ] 2017-11-02 11:33:12,060 [repositories/kiln] no base URI specified, using dummy 'foo:bar'
[WARN ] 2017-11-02 11:33:12,060 [repositories/kiln] Class org.apache.xerces.parsers.SAXParser not found
[INFO ] 2017-11-02 11:34:18,841 [repositories/kiln] POST transaction to repository
[WARN ] 2017-11-02 11:34:18,841 [repositories/kiln] Class org.apache.xerces.parsers.SAXParser not found
[INFO ] 2017-11-02 11:34:18,989 [repositories/kiln] POST data to repository
[INFO ] 2017-11-02 11:34:18,990 [repositories/kiln] no base URI specified, using dummy 'foo:bar'
[WARN ] 2017-11-02 11:34:18,990 [repositories/kiln] Class org.apache.xerces.parsers.SAXParser not found
[INFO ] 2017-11-02 11:34:19,065 [repositories/kiln] POST transaction to repository
[WARN ] 2017-11-02 11:34:19,065 [repositories/kiln] Class org.apache.xerces.parsers.SAXParser not found
[INFO ] 2017-11-02 11:34:19,226 [repositories/kiln] POST data to repository
[INFO ] 2017-11-02 11:34:19,226 [repositories/kiln] no base URI specified, using dummy 'foo:bar'
[WARN ] 2017-11-02 11:34:19,226 [repositories/kiln] Class org.apache.xerces.parsers.SAXParser not found
[INFO ] 2017-11-02 11:34:19,328 [repositories/kiln] POST transaction to repository
[WARN ] 2017-11-02 11:34:19,328 [repositories/kiln] Class org.apache.xerces.parsers.SAXParser not found
[INFO ] 2017-11-02 11:34:19,465 [repositories/kiln] POST data to repository
[INFO ] 2017-11-02 11:34:19,465 [repositories/kiln] no base URI specified, using dummy 'foo:bar'
[WARN ] 2017-11-02 11:34:19,465 [repositories/kiln] Class org.apache.xerces.parsers.SAXParser not found
[INFO ] 2017-11-02 11:34:19,550 [repositories/kiln] POST transaction to repository
[WARN ] 2017-11-02 11:34:19,551 [repositories/kiln] Class org.apache.xerces.parsers.SAXParser not found
[INFO ] 2017-11-02 11:34:19,693 [repositories/kiln] POST data to repository
[INFO ] 2017-11-02 11:34:19,693 [repositories/kiln] no base URI specified, using dummy 'foo:bar'
[WARN ] 2017-11-02 11:34:19,694 [repositories/kiln] Class org.apache.xerces.parsers.SAXParser not found
[INFO ] 2017-11-02 11:34:19,775 [repositories/kiln] POST transaction to repository
[WARN ] 2017-11-02 11:34:19,775 [repositories/kiln] Class org.apache.xerces.parsers.SAXParser not found
[INFO ] 2017-11-02 11:34:19,911 [repositories/kiln] POST data to repository
[INFO ] 2017-11-02 11:34:19,911 [repositories/kiln] no base URI specified, using dummy 'foo:bar'
[WARN ] 2017-11-02 11:34:19,912 [repositories/kiln] Class org.apache.xerces.parsers.SAXParser not found
[INFO ] 2017-11-02 11:34:19,992 [repositories/kiln] POST transaction to repository
[WARN ] 2017-11-02 11:34:19,992 [repositories/kiln] Class org.apache.xerces.parsers.SAXParser not found
[INFO ] 2017-11-02 11:34:20,121 [repositories/kiln] POST data to repository
[INFO ] 2017-11-02 11:34:20,121 [repositories/kiln] no base URI specified, using dummy 'foo:bar'
[WARN ] 2017-11-02 11:34:20,122 [repositories/kiln] Class org.apache.xerces.parsers.SAXParser not found
[INFO ] 2017-11-02 11:34:20,213 [repositories/kiln] POST transaction to repository
[WARN ] 2017-11-02 11:34:20,213 [repositories/kiln] Class org.apache.xerces.parsers.SAXParser not found
[INFO ] 2017-11-02 11:34:20,359 [repositories/kiln] POST data to repository
[INFO ] 2017-11-02 11:34:20,359 [repositories/kiln] no base URI specified, using dummy 'foo:bar'
[WARN ] 2017-11-02 11:34:20,359 [repositories/kiln] Class org.apache.xerces.parsers.SAXParser not found
[INFO ] 2017-11-02 11:34:20,459 [repositories/kiln] POST transaction to repository
[WARN ] 2017-11-02 11:34:20,460 [repositories/kiln] Class org.apache.xerces.parsers.SAXParser not found
[INFO ] 2017-11-02 11:34:20,592 [repositories/kiln] POST data to repository
[INFO ] 2017-11-02 11:34:20,593 [repositories/kiln] no base URI specified, using dummy 'foo:bar'
[WARN ] 2017-11-02 11:34:20,593 [repositories/kiln] Class org.apache.xerces.parsers.SAXParser not found
[INFO ] 2017-11-02 11:34:20,701 [repositories/kiln] POST transaction to repository
[WARN ] 2017-11-02 11:34:20,702 [repositories/kiln] Class org.apache.xerces.parsers.SAXParser not found
[INFO ] 2017-11-02 11:34:20,832 [repositories/kiln] POST data to repository
[INFO ] 2017-11-02 11:34:20,832 [repositories/kiln] no base URI specified, using dummy 'foo:bar'
[WARN ] 2017-11-02 11:34:20,832 [repositories/kiln] Class org.apache.xerces.parsers.SAXParser not found
[INFO ] 2017-11-02 11:34:20,948 [repositories/kiln] POST transaction to repository
[WARN ] 2017-11-02 11:34:20,949 [repositories/kiln] Class org.apache.xerces.parsers.SAXParser not found
[INFO ] 2017-11-02 11:34:21,099 [repositories/kiln] POST data to repository
[INFO ] 2017-11-02 11:34:21,099 [repositories/kiln] no base URI specified, using dummy 'foo:bar'
[WARN ] 2017-11-02 11:34:21,099 [repositories/kiln] Class org.apache.xerces.parsers.SAXParser not found
[INFO ] 2017-11-02 11:34:21,179 [repositories/kiln] POST transaction to repository
[WARN ] 2017-11-02 11:34:21,179 [repositories/kiln] Class org.apache.xerces.parsers.SAXParser not found
[INFO ] 2017-11-02 11:34:21,345 [repositories/kiln] POST data to repository
[INFO ] 2017-11-02 11:34:21,345 [repositories/kiln] no base URI specified, using dummy 'foo:bar'
[WARN ] 2017-11-02 11:34:21,346 [repositories/kiln] Class org.apache.xerces.parsers.SAXParser not found
[INFO ] 2017-11-02 11:34:21,421 [repositories/kiln] POST transaction to repository
[WARN ] 2017-11-02 11:34:21,421 [repositories/kiln] Class org.apache.xerces.parsers.SAXParser not found
[INFO ] 2017-11-02 11:34:21,426 [repositories/kiln] POST data to repository
[INFO ] 2017-11-02 11:34:21,426 [repositories/kiln] no base URI specified, using dummy 'foo:bar'
[WARN ] 2017-11-02 11:34:21,427 [repositories/kiln] Class org.apache.xerces.parsers.SAXParser not found
[INFO ] 2017-11-02 11:34:21,433 [repositories/kiln] POST transaction to repository
[WARN ] 2017-11-02 11:34:21,434 [repositories/kiln] Class org.apache.xerces.parsers.SAXParser not found
[INFO ] 2017-11-02 11:34:21,439 [repositories/kiln] POST data to repository
[INFO ] 2017-11-02 11:34:21,439 [repositories/kiln] no base URI specified, using dummy 'foo:bar'
[WARN ] 2017-11-02 11:34:21,439 [repositories/kiln] Class org.apache.xerces.parsers.SAXParser not found
[INFO ] 2017-11-02 11:34:21,446 [repositories/kiln] POST transaction to repository
[WARN ] 2017-11-02 11:34:21,446 [repositories/kiln] Class org.apache.xerces.parsers.SAXParser not found
[INFO ] 2017-11-02 11:34:21,450 [repositories/kiln] POST data to repository
[INFO ] 2017-11-02 11:34:21,450 [repositories/kiln] no base URI specified, using dummy 'foo:bar'
[WARN ] 2017-11-02 11:34:21,450 [repositories/kiln] Class org.apache.xerces.parsers.SAXParser not found
[INFO ] 2017-11-02 11:34:21,457 [repositories/kiln] POST transaction to repository
[WARN ] 2017-11-02 11:34:21,457 [repositories/kiln] Class org.apache.xerces.parsers.SAXParser not found
[INFO ] 2017-11-02 11:34:21,461 [repositories/kiln] POST data to repository
[INFO ] 2017-11-02 11:34:21,461 [repositories/kiln] no base URI specified, using dummy 'foo:bar'
[WARN ] 2017-11-02 11:34:21,461 [repositories/kiln] Class org.apache.xerces.parsers.SAXParser not found
[INFO ] 2017-11-02 11:34:21,467 [repositories/kiln] POST transaction to repository
[WARN ] 2017-11-02 11:34:21,468 [repositories/kiln] Class org.apache.xerces.parsers.SAXParser not found
[INFO ] 2017-11-02 11:34:21,472 [repositories/kiln] POST data to repository
[INFO ] 2017-11-02 11:34:21,472 [repositories/kiln] no base URI specified, using dummy 'foo:bar'
[WARN ] 2017-11-02 11:34:21,472 [repositories/kiln] Class org.apache.xerces.parsers.SAXParser not found
[INFO ] 2017-11-02 11:34:21,478 [repositories/kiln] POST transaction to repository
[WARN ] 2017-11-02 11:34:21,479 [repositories/kiln] Class org.apache.xerces.parsers.SAXParser not found
[INFO ] 2017-11-02 11:34:21,482 [repositories/kiln] POST data to repository
[INFO ] 2017-11-02 11:34:21,482 [repositories/kiln] no base URI specified, using dummy 'foo:bar'
[WARN ] 2017-11-02 11:34:21,482 [repositories/kiln] Class org.apache.xerces.parsers.SAXParser not found
[INFO ] 2017-11-02 11:34:21,487 [repositories/kiln] POST transaction to repository
[WARN ] 2017-11-02 11:34:21,488 [repositories/kiln] Class org.apache.xerces.parsers.SAXParser not found
[INFO ] 2017-11-02 11:34:21,491 [repositories/kiln] POST data to repository
[INFO ] 2017-11-02 11:34:21,492 [repositories/kiln] no base URI specified, using dummy 'foo:bar'
[WARN ] 2017-11-02 11:34:21,492 [repositories/kiln] Class org.apache.xerces.parsers.SAXParser not found
[INFO ] 2017-11-02 11:34:21,497 [repositories/kiln] POST transaction to repository
[WARN ] 2017-11-02 11:34:21,498 [repositories/kiln] Class org.apache.xerces.parsers.SAXParser not found
[INFO ] 2017-11-02 11:34:21,502 [repositories/kiln] POST data to repository
[INFO ] 2017-11-02 11:34:21,502 [repositories/kiln] no base URI specified, using dummy 'foo:bar'
[WARN ] 2017-11-02 11:34:21,502 [repositories/kiln] Class org.apache.xerces.parsers.SAXParser not found
[INFO ] 2017-11-02 11:34:21,509 [repositories/kiln] POST transaction to repository
[WARN ] 2017-11-02 11:34:21,509 [repositories/kiln] Class org.apache.xerces.parsers.SAXParser not found
[INFO ] 2017-11-02 11:34:21,516 [repositories/kiln] POST data to repository
[INFO ] 2017-11-02 11:34:21,517 [repositories/kiln] no base URI specified, using dummy 'foo:bar'
[WARN ] 2017-11-02 11:34:21,517 [repositories/kiln] Class org.apache.xerces.parsers.SAXParser not found
[INFO ] 2017-11-02 11:34:21,523 [repositories/kiln] POST transaction to repository
[WARN ] 2017-11-02 11:34:21,524 [repositories/kiln] Class org.apache.xerces.parsers.SAXParser not found
[INFO ] 2017-11-02 11:34:21,529 [repositories/kiln] POST data to repository
[INFO ] 2017-11-02 11:34:21,529 [repositories/kiln] no base URI specified, using dummy 'foo:bar'
[WARN ] 2017-11-02 11:34:21,529 [repositories/kiln] Class org.apache.xerces.parsers.SAXParser not found
[INFO ] 2017-11-02 11:34:21,535 [repositories/kiln] POST transaction to repository
[WARN ] 2017-11-02 11:34:21,536 [repositories/kiln] Class org.apache.xerces.parsers.SAXParser not found
[INFO ] 2017-11-02 11:34:21,539 [repositories/kiln] POST data to repository
[INFO ] 2017-11-02 11:34:21,540 [repositories/kiln] no base URI specified, using dummy 'foo:bar'
[WARN ] 2017-11-02 11:34:21,540 [repositories/kiln] Class org.apache.xerces.parsers.SAXParser not found
[INFO ] 2017-11-02 11:34:21,544 [repositories/kiln] POST transaction to repository
[WARN ] 2017-11-02 11:34:21,545 [repositories/kiln] Class org.apache.xerces.parsers.SAXParser not found
[INFO ] 2017-11-02 11:34:21,548 [repositories/kiln] POST data to repository
[INFO ] 2017-11-02 11:34:21,548 [repositories/kiln] no base URI specified, using dummy 'foo:bar'
[WARN ] 2017-11-02 11:34:21,548 [repositories/kiln] Class org.apache.xerces.parsers.SAXParser not found
[INFO ] 2017-11-02 11:34:21,555 [repositories/kiln] POST transaction to repository
[WARN ] 2017-11-02 11:34:21,555 [repositories/kiln] Class org.apache.xerces.parsers.SAXParser not found
[INFO ] 2017-11-02 11:34:21,560 [repositories/kiln] POST data to repository
[INFO ] 2017-11-02 11:34:21,560 [repositories/kiln] no base URI specified, using dummy 'foo:bar'
[WARN ] 2017-11-02 11:34:21,561 [repositories/kiln] Class org.apache.xerces.parsers.SAXParser not found
[INFO ] 2017-11-02 11:34:21,569 [repositories/kiln] POST transaction to repository
[WARN ] 2017-11-02 11:34:21,570 [repositories/kiln] Class org.apache.xerces.parsers.SAXParser not found
[INFO ] 2017-11-02 11:34:21,575 [repositories/kiln] POST data to repository
[INFO ] 2017-11-02 11:34:21,575 [repositories/kiln] no base URI specified, using dummy 'foo:bar'
[WARN ] 2017-11-02 11:34:21,575 [repositories/kiln] Class org.apache.xerces.parsers.SAXParser not found
[INFO ] 2017-11-02 11:34:21,582 [repositories/kiln] POST transaction to repository
[WARN ] 2017-11-02 11:34:21,582 [repositories/kiln] Class org.apache.xerces.parsers.SAXParser not found
[INFO ] 2017-11-02 11:34:21,587 [repositories/kiln] POST data to repository
[INFO ] 2017-11-02 11:34:21,587 [repositories/kiln] no base URI specified, using dummy 'foo:bar'
[WARN ] 2017-11-02 11:34:21,588 [repositories/kiln] Class org.apache.xerces.parsers.SAXParser not found
[INFO ] 2017-11-02 11:34:21,594 [repositories/kiln] POST transaction to repository
[WARN ] 2017-11-02 11:34:21,595 [repositories/kiln] Class org.apache.xerces.parsers.SAXParser not found
[INFO ] 2017-11-02 11:34:21,757 [repositories/kiln] POST data to repository
[INFO ] 2017-11-02 11:34:21,757 [repositories/kiln] no base URI specified, using dummy 'foo:bar'
[WARN ] 2017-11-02 11:34:21,758 [repositories/kiln] Class org.apache.xerces.parsers.SAXParser not found
[INFO ] 2017-11-02 11:58:29,176 [repositories/kiln] POST transaction to repository
[WARN ] 2017-11-02 11:58:29,177 [repositories/kiln] Class org.apache.xerces.parsers.SAXParser not found
[INFO ] 2017-11-02 11:58:29,326 [repositories/kiln] POST data to repository
[INFO ] 2017-11-02 11:58:29,326 [repositories/kiln] no base URI specified, using dummy 'foo:bar'
[WARN ] 2017-11-02 11:58:29,327 [repositories/kiln] Class org.apache.xerces.parsers.SAXParser not found
[INFO ] 2017-11-02 11:58:29,407 [repositories/kiln] POST transaction to repository
[WARN ] 2017-11-02 11:58:29,408 [repositories/kiln] Class org.apache.xerces.parsers.SAXParser not found
[INFO ] 2017-11-02 11:58:29,527 [repositories/kiln] POST data to repository
[INFO ] 2017-11-02 11:58:29,527 [repositories/kiln] no base URI specified, using dummy 'foo:bar'
[WARN ] 2017-11-02 11:58:29,528 [repositories/kiln] Class org.apache.xerces.parsers.SAXParser not found
[INFO ] 2017-11-02 11:58:29,613 [repositories/kiln] POST transaction to repository
[WARN ] 2017-11-02 11:58:29,613 [repositories/kiln] Class org.apache.xerces.parsers.SAXParser not found
[INFO ] 2017-11-02 11:58:29,757 [repositories/kiln] POST data to repository
[INFO ] 2017-11-02 11:58:29,757 [repositories/kiln] no base URI specified, using dummy 'foo:bar'
[WARN ] 2017-11-02 11:58:29,757 [repositories/kiln] Class org.apache.xerces.parsers.SAXParser not found
[INFO ] 2017-11-02 11:58:29,830 [repositories/kiln] POST transaction to repository
[WARN ] 2017-11-02 11:58:29,830 [repositories/kiln] Class org.apache.xerces.parsers.SAXParser not found
[INFO ] 2017-11-02 11:58:29,939 [repositories/kiln] POST data to repository
[INFO ] 2017-11-02 11:58:29,939 [repositories/kiln] no base URI specified, using dummy 'foo:bar'
[WARN ] 2017-11-02 11:58:29,939 [repositories/kiln] Class org.apache.xerces.parsers.SAXParser not found
[INFO ] 2017-11-02 11:58:30,030 [repositories/kiln] POST transaction to repository
[WARN ] 2017-11-02 11:58:30,030 [repositories/kiln] Class org.apache.xerces.parsers.SAXParser not found
[INFO ] 2017-11-02 11:58:30,173 [repositories/kiln] POST data to repository
[INFO ] 2017-11-02 11:58:30,173 [repositories/kiln] no base URI specified, using dummy 'foo:bar'
[WARN ] 2017-11-02 11:58:30,174 [repositories/kiln] Class org.apache.xerces.parsers.SAXParser not found
[INFO ] 2017-11-02 11:58:30,271 [repositories/kiln] POST transaction to repository
[WARN ] 2017-11-02 11:58:30,271 [repositories/kiln] Class org.apache.xerces.parsers.SAXParser not found
[INFO ] 2017-11-02 11:58:30,392 [repositories/kiln] POST data to repository
[INFO ] 2017-11-02 11:58:30,392 [repositories/kiln] no base URI specified, using dummy 'foo:bar'
[WARN ] 2017-11-02 11:58:30,392 [repositories/kiln] Class org.apache.xerces.parsers.SAXParser not found
[INFO ] 2017-11-02 11:58:30,491 [repositories/kiln] POST transaction to repository
[WARN ] 2017-11-02 11:58:30,492 [repositories/kiln] Class org.apache.xerces.parsers.SAXParser not found
[INFO ] 2017-11-02 11:58:30,612 [repositories/kiln] POST data to repository
[INFO ] 2017-11-02 11:58:30,612 [repositories/kiln] no base URI specified, using dummy 'foo:bar'
[WARN ] 2017-11-02 11:58:30,612 [repositories/kiln] Class org.apache.xerces.parsers.SAXParser not found
[INFO ] 2017-11-02 11:58:30,695 [repositories/kiln] POST transaction to repository
[WARN ] 2017-11-02 11:58:30,695 [repositories/kiln] Class org.apache.xerces.parsers.SAXParser not found
[INFO ] 2017-11-02 11:58:30,852 [repositories/kiln] POST data to repository
[INFO ] 2017-11-02 11:58:30,852 [repositories/kiln] no base URI specified, using dummy 'foo:bar'
[WARN ] 2017-11-02 11:58:30,852 [repositories/kiln] Class org.apache.xerces.parsers.SAXParser not found
[INFO ] 2017-11-02 11:58:30,927 [repositories/kiln] POST transaction to repository
[WARN ] 2017-11-02 11:58:30,928 [repositories/kiln] Class org.apache.xerces.parsers.SAXParser not found
[INFO ] 2017-11-02 11:58:31,043 [repositories/kiln] POST data to repository
[INFO ] 2017-11-02 11:58:31,043 [repositories/kiln] no base URI specified, using dummy 'foo:bar'
[WARN ] 2017-11-02 11:58:31,043 [repositories/kiln] Class org.apache.xerces.parsers.SAXParser not found
[INFO ] 2017-11-02 11:58:31,144 [repositories/kiln] POST transaction to repository
[WARN ] 2017-11-02 11:58:31,145 [repositories/kiln] Class org.apache.xerces.parsers.SAXParser not found
[INFO ] 2017-11-02 11:58:31,305 [repositories/kiln] POST data to repository
[INFO ] 2017-11-02 11:58:31,305 [repositories/kiln] no base URI specified, using dummy 'foo:bar'
[WARN ] 2017-11-02 11:58:31,305 [repositories/kiln] Class org.apache.xerces.parsers.SAXParser not found
[INFO ] 2017-11-02 11:58:31,393 [repositories/kiln] POST transaction to repository
[WARN ] 2017-11-02 11:58:31,393 [repositories/kiln] Class org.apache.xerces.parsers.SAXParser not found
[INFO ] 2017-11-02 11:58:31,521 [repositories/kiln] POST data to repository
[INFO ] 2017-11-02 11:58:31,521 [repositories/kiln] no base URI specified, using dummy 'foo:bar'
[WARN ] 2017-11-02 11:58:31,521 [repositories/kiln] Class org.apache.xerces.parsers.SAXParser not found
[INFO ] 2017-11-02 11:58:31,606 [repositories/kiln] POST transaction to repository
[WARN ] 2017-11-02 11:58:31,607 [repositories/kiln] Class org.apache.xerces.parsers.SAXParser not found
[INFO ] 2017-11-02 11:58:31,611 [repositories/kiln] POST data to repository
[INFO ] 2017-11-02 11:58:31,611 [repositories/kiln] no base URI specified, using dummy 'foo:bar'
[WARN ] 2017-11-02 11:58:31,612 [repositories/kiln] Class org.apache.xerces.parsers.SAXParser not found
[INFO ] 2017-11-02 11:58:31,617 [repositories/kiln] POST transaction to repository
[WARN ] 2017-11-02 11:58:31,618 [repositories/kiln] Class org.apache.xerces.parsers.SAXParser not found
[INFO ] 2017-11-02 11:58:31,623 [repositories/kiln] POST data to repository
[INFO ] 2017-11-02 11:58:31,623 [repositories/kiln] no base URI specified, using dummy 'foo:bar'
[WARN ] 2017-11-02 11:58:31,624 [repositories/kiln] Class org.apache.xerces.parsers.SAXParser not found
[INFO ] 2017-11-02 11:58:31,631 [repositories/kiln] POST transaction to repository
[WARN ] 2017-11-02 11:58:31,632 [repositories/kiln] Class org.apache.xerces.parsers.SAXParser not found
[INFO ] 2017-11-02 11:58:31,636 [repositories/kiln] POST data to repository
[INFO ] 2017-11-02 11:58:31,636 [repositories/kiln] no base URI specified, using dummy 'foo:bar'
[WARN ] 2017-11-02 11:58:31,636 [repositories/kiln] Class org.apache.xerces.parsers.SAXParser not found
[INFO ] 2017-11-02 11:58:31,643 [repositories/kiln] POST transaction to repository
[WARN ] 2017-11-02 11:58:31,644 [repositories/kiln] Class org.apache.xerces.parsers.SAXParser not found
[INFO ] 2017-11-02 11:58:31,649 [repositories/kiln] POST data to repository
[INFO ] 2017-11-02 11:58:31,649 [repositories/kiln] no base URI specified, using dummy 'foo:bar'
[WARN ] 2017-11-02 11:58:31,649 [repositories/kiln] Class org.apache.xerces.parsers.SAXParser not found
[INFO ] 2017-11-02 11:58:31,657 [repositories/kiln] POST transaction to repository
[WARN ] 2017-11-02 11:58:31,658 [repositories/kiln] Class org.apache.xerces.parsers.SAXParser not found
[INFO ] 2017-11-02 11:58:31,663 [repositories/kiln] POST data to repository
[INFO ] 2017-11-02 11:58:31,663 [repositories/kiln] no base URI specified, using dummy 'foo:bar'
[WARN ] 2017-11-02 11:58:31,664 [repositories/kiln] Class org.apache.xerces.parsers.SAXParser not found
[INFO ] 2017-11-02 11:58:31,671 [repositories/kiln] POST transaction to repository
[WARN ] 2017-11-02 11:58:31,672 [repositories/kiln] Class org.apache.xerces.parsers.SAXParser not found
[INFO ] 2017-11-02 11:58:31,675 [repositories/kiln] POST data to repository
[INFO ] 2017-11-02 11:58:31,676 [repositories/kiln] no base URI specified, using dummy 'foo:bar'
[WARN ] 2017-11-02 11:58:31,676 [repositories/kiln] Class org.apache.xerces.parsers.SAXParser not found
[INFO ] 2017-11-02 11:58:31,683 [repositories/kiln] POST transaction to repository
[WARN ] 2017-11-02 11:58:31,684 [repositories/kiln] Class org.apache.xerces.parsers.SAXParser not found
[INFO ] 2017-11-02 11:58:31,688 [repositories/kiln] POST data to repository
[INFO ] 2017-11-02 11:58:31,688 [repositories/kiln] no base URI specified, using dummy 'foo:bar'
[WARN ] 2017-11-02 11:58:31,688 [repositories/kiln] Class org.apache.xerces.parsers.SAXParser not found
[INFO ] 2017-11-02 11:58:31,694 [repositories/kiln] POST transaction to repository
[WARN ] 2017-11-02 11:58:31,695 [repositories/kiln] Class org.apache.xerces.parsers.SAXParser not found
[INFO ] 2017-11-02 11:58:31,698 [repositories/kiln] POST data to repository
[INFO ] 2017-11-02 11:58:31,698 [repositories/kiln] no base URI specified, using dummy 'foo:bar'
[WARN ] 2017-11-02 11:58:31,699 [repositories/kiln] Class org.apache.xerces.parsers.SAXParser not found
[INFO ] 2017-11-02 11:58:31,704 [repositories/kiln] POST transaction to repository
[WARN ] 2017-11-02 11:58:31,705 [repositories/kiln] Class org.apache.xerces.parsers.SAXParser not found
[INFO ] 2017-11-02 11:58:31,708 [repositories/kiln] POST data to repository
[INFO ] 2017-11-02 11:58:31,708 [repositories/kiln] no base URI specified, using dummy 'foo:bar'
[WARN ] 2017-11-02 11:58:31,709 [repositories/kiln] Class org.apache.xerces.parsers.SAXParser not found
[INFO ] 2017-11-02 11:58:31,714 [repositories/kiln] POST transaction to repository
[WARN ] 2017-11-02 11:58:31,714 [repositories/kiln] Class org.apache.xerces.parsers.SAXParser not found
[INFO ] 2017-11-02 11:58:31,720 [repositories/kiln] POST data to repository
[INFO ] 2017-11-02 11:58:31,720 [repositories/kiln] no base URI specified, using dummy 'foo:bar'
[WARN ] 2017-11-02 11:58:31,721 [repositories/kiln] Class org.apache.xerces.parsers.SAXParser not found
[INFO ] 2017-11-02 11:58:31,729 [repositories/kiln] POST transaction to repository
[WARN ] 2017-11-02 11:58:31,730 [repositories/kiln] Class org.apache.xerces.parsers.SAXParser not found
[INFO ] 2017-11-02 11:58:31,734 [repositories/kiln] POST data to repository
[INFO ] 2017-11-02 11:58:31,735 [repositories/kiln] no base URI specified, using dummy 'foo:bar'
[WARN ] 2017-11-02 11:58:31,735 [repositories/kiln] Class org.apache.xerces.parsers.SAXParser not found
[INFO ] 2017-11-02 11:58:31,742 [repositories/kiln] POST transaction to repository
[WARN ] 2017-11-02 11:58:31,742 [repositories/kiln] Class org.apache.xerces.parsers.SAXParser not found
[INFO ] 2017-11-02 11:58:31,746 [repositories/kiln] POST data to repository
[INFO ] 2017-11-02 11:58:31,746 [repositories/kiln] no base URI specified, using dummy 'foo:bar'
[WARN ] 2017-11-02 11:58:31,747 [repositories/kiln] Class org.apache.xerces.parsers.SAXParser not found
[INFO ] 2017-11-02 11:58:31,753 [repositories/kiln] POST transaction to repository
[WARN ] 2017-11-02 11:58:31,753 [repositories/kiln] Class org.apache.xerces.parsers.SAXParser not found
[INFO ] 2017-11-02 11:58:31,757 [repositories/kiln] POST data to repository
[INFO ] 2017-11-02 11:58:31,757 [repositories/kiln] no base URI specified, using dummy 'foo:bar'
[WARN ] 2017-11-02 11:58:31,758 [repositories/kiln] Class org.apache.xerces.parsers.SAXParser not found
[INFO ] 2017-11-02 11:58:31,763 [repositories/kiln] POST transaction to repository
[WARN ] 2017-11-02 11:58:31,763 [repositories/kiln] Class org.apache.xerces.parsers.SAXParser not found
[INFO ] 2017-11-02 11:58:31,769 [repositories/kiln] POST data to repository
[INFO ] 2017-11-02 11:58:31,769 [repositories/kiln] no base URI specified, using dummy 'foo:bar'
[WARN ] 2017-11-02 11:58:31,770 [repositories/kiln] Class org.apache.xerces.parsers.SAXParser not found
[INFO ] 2017-11-02 11:58:31,775 [repositories/kiln] POST transaction to repository
[WARN ] 2017-11-02 11:58:31,775 [repositories/kiln] Class org.apache.xerces.parsers.SAXParser not found
[INFO ] 2017-11-02 11:58:31,780 [repositories/kiln] POST data to repository
[INFO ] 2017-11-02 11:58:31,780 [repositories/kiln] no base URI specified, using dummy 'foo:bar'
[WARN ] 2017-11-02 11:58:31,781 [repositories/kiln] Class org.apache.xerces.parsers.SAXParser not found
[INFO ] 2017-11-02 11:58:31,785 [repositories/kiln] POST transaction to repository
[WARN ] 2017-11-02 11:58:31,786 [repositories/kiln] Class org.apache.xerces.parsers.SAXParser not found
[INFO ] 2017-11-02 11:58:31,947 [repositories/kiln] POST data to repository
[INFO ] 2017-11-02 11:58:31,947 [repositories/kiln] no base URI specified, using dummy 'foo:bar'
[WARN ] 2017-11-02 11:58:31,947 [repositories/kiln] Class org.apache.xerces.parsers.SAXParser not found
[INFO ] 2017-11-02 12:13:55,252 [Thread-1] Closing org.springframework.web.context.support.XmlWebApplicationContext@6dc6608c: display name [WebApplicationContext for namespace 'openrdf-http-server-servlet']; startup date [Thu Nov 02 11:18:48 EET 2017]; root of context hierarchy
[INFO ] 2017-11-02 12:13:55,252 [Thread-1] Destroying singletons in org.springframework.beans.factory.support.DefaultListableBeanFactory@487fc205: defining beans [messageSource,adunaAppVersion,adunaAppConfig,adunaWebappNavigation,adunaWebappCommonValuesInserter,adunaWebappMessageInserter,adunaWebappNavigationInserter,filenameViewController,viewResolver,adunaWebappSystemUrlMapping,adunaWebappSystemOverviewController,adunaWebappLoggingOverviewController,adunaWebappSystemInfoController,openrdfRepositoryManager,scopedTarget.openrdfRepositoryInterceptor,openrdfRepositoryInterceptor,openrdfProtocolUrlMapping,openrdfRepositoryListUrlMapping,openrdfRepositoryUrlMapping,openrdfServerHomeUrlMapping,openrdfHandlerExceptionResolver,openrdfProtocolController,openrdfRepositoryListController,openrdfRepositoryController,openrdfRepositoryContextsController,openrdfRepositoryNamespacesController,openrdfRepositoryNamespaceController,openrdfRepositorySizeController,openrdfRepositoryStatementsController,openrdfRepositoryGraphController]; root of factory hierarchy
[INFO ] 2017-11-02 12:14:21,701 [main] Logback logging API implementation is configured.
[INFO ] 2017-11-02 12:14:27,049 [main] FrameworkServlet 'openrdf-http-server': initialization completed in 10759 ms
[INFO ] 2017-11-02 12:16:33,835 [repositories/kiln] POST transaction to repository
[WARN ] 2017-11-02 12:16:33,839 [repositories/kiln] Class org.apache.xerces.parsers.SAXParser not found
[INFO ] 2017-11-02 12:16:34,376 [repositories/kiln] POST data to repository
[INFO ] 2017-11-02 12:16:34,396 [repositories/kiln] no base URI specified, using dummy 'foo:bar'
[WARN ] 2017-11-02 12:16:34,415 [repositories/kiln] Class org.apache.xerces.parsers.SAXParser not found
[INFO ] 2017-11-02 12:16:34,552 [repositories/kiln] POST transaction to repository
[WARN ] 2017-11-02 12:16:34,555 [repositories/kiln] Class org.apache.xerces.parsers.SAXParser not found
[INFO ] 2017-11-02 12:16:34,813 [repositories/kiln] POST data to repository
[INFO ] 2017-11-02 12:16:34,813 [repositories/kiln] no base URI specified, using dummy 'foo:bar'
[WARN ] 2017-11-02 12:16:34,814 [repositories/kiln] Class org.apache.xerces.parsers.SAXParser not found
[INFO ] 2017-11-02 12:16:34,949 [repositories/kiln] POST transaction to repository
[WARN ] 2017-11-02 12:16:34,949 [repositories/kiln] Class org.apache.xerces.parsers.SAXParser not found
[INFO ] 2017-11-02 12:16:35,133 [repositories/kiln] POST data to repository
[INFO ] 2017-11-02 12:16:35,133 [repositories/kiln] no base URI specified, using dummy 'foo:bar'
[WARN ] 2017-11-02 12:16:35,134 [repositories/kiln] Class org.apache.xerces.parsers.SAXParser not found
[INFO ] 2017-11-02 12:16:35,252 [repositories/kiln] POST transaction to repository
[WARN ] 2017-11-02 12:16:35,252 [repositories/kiln] Class org.apache.xerces.parsers.SAXParser not found
[INFO ] 2017-11-02 12:16:35,417 [repositories/kiln] POST data to repository
[INFO ] 2017-11-02 12:16:35,418 [repositories/kiln] no base URI specified, using dummy 'foo:bar'
[WARN ] 2017-11-02 12:16:35,418 [repositories/kiln] Class org.apache.xerces.parsers.SAXParser not found
[INFO ] 2017-11-02 12:16:35,547 [repositories/kiln] POST transaction to repository
[WARN ] 2017-11-02 12:16:35,548 [repositories/kiln] Class org.apache.xerces.parsers.SAXParser not found
[INFO ] 2017-11-02 12:16:35,736 [repositories/kiln] POST data to repository
[INFO ] 2017-11-02 12:16:35,736 [repositories/kiln] no base URI specified, using dummy 'foo:bar'
[WARN ] 2017-11-02 12:16:35,737 [repositories/kiln] Class org.apache.xerces.parsers.SAXParser not found
[INFO ] 2017-11-02 12:16:35,860 [repositories/kiln] POST transaction to repository
[WARN ] 2017-11-02 12:16:35,861 [repositories/kiln] Class org.apache.xerces.parsers.SAXParser not found
[INFO ] 2017-11-02 12:16:36,025 [repositories/kiln] POST data to repository
[INFO ] 2017-11-02 12:16:36,025 [repositories/kiln] no base URI specified, using dummy 'foo:bar'
[WARN ] 2017-11-02 12:16:36,026 [repositories/kiln] Class org.apache.xerces.parsers.SAXParser not found
[INFO ] 2017-11-02 12:16:36,134 [repositories/kiln] POST transaction to repository
[WARN ] 2017-11-02 12:16:36,135 [repositories/kiln] Class org.apache.xerces.parsers.SAXParser not found
[INFO ] 2017-11-02 12:16:36,303 [repositories/kiln] POST data to repository
[INFO ] 2017-11-02 12:16:36,303 [repositories/kiln] no base URI specified, using dummy 'foo:bar'
[WARN ] 2017-11-02 12:16:36,304 [repositories/kiln] Class org.apache.xerces.parsers.SAXParser not found
[INFO ] 2017-11-02 12:16:36,406 [repositories/kiln] POST transaction to repository
[WARN ] 2017-11-02 12:16:36,406 [repositories/kiln] Class org.apache.xerces.parsers.SAXParser not found
[INFO ] 2017-11-02 12:16:36,591 [repositories/kiln] POST data to repository
[INFO ] 2017-11-02 12:16:36,591 [repositories/kiln] no base URI specified, using dummy 'foo:bar'
[WARN ] 2017-11-02 12:16:36,591 [repositories/kiln] Class org.apache.xerces.parsers.SAXParser not found
[INFO ] 2017-11-02 12:16:36,701 [repositories/kiln] POST transaction to repository
[WARN ] 2017-11-02 12:16:36,701 [repositories/kiln] Class org.apache.xerces.parsers.SAXParser not found
[INFO ] 2017-11-02 12:16:36,850 [repositories/kiln] POST data to repository
[INFO ] 2017-11-02 12:16:36,850 [repositories/kiln] no base URI specified, using dummy 'foo:bar'
[WARN ] 2017-11-02 12:16:36,851 [repositories/kiln] Class org.apache.xerces.parsers.SAXParser not found
[INFO ] 2017-11-02 12:16:36,965 [repositories/kiln] POST transaction to repository
[WARN ] 2017-11-02 12:16:36,965 [repositories/kiln] Class org.apache.xerces.parsers.SAXParser not found
[INFO ] 2017-11-02 12:16:37,126 [repositories/kiln] POST data to repository
[INFO ] 2017-11-02 12:16:37,126 [repositories/kiln] no base URI specified, using dummy 'foo:bar'
[WARN ] 2017-11-02 12:16:37,126 [repositories/kiln] Class org.apache.xerces.parsers.SAXParser not found
[INFO ] 2017-11-02 12:16:37,219 [repositories/kiln] POST transaction to repository
[WARN ] 2017-11-02 12:16:37,220 [repositories/kiln] Class org.apache.xerces.parsers.SAXParser not found
[INFO ] 2017-11-02 12:16:37,376 [repositories/kiln] POST data to repository
[INFO ] 2017-11-02 12:16:37,376 [repositories/kiln] no base URI specified, using dummy 'foo:bar'
[WARN ] 2017-11-02 12:16:37,376 [repositories/kiln] Class org.apache.xerces.parsers.SAXParser not found
[INFO ] 2017-11-02 12:16:37,485 [repositories/kiln] POST transaction to repository
[WARN ] 2017-11-02 12:16:37,486 [repositories/kiln] Class org.apache.xerces.parsers.SAXParser not found
[INFO ] 2017-11-02 12:16:37,493 [repositories/kiln] POST data to repository
[INFO ] 2017-11-02 12:16:37,493 [repositories/kiln] no base URI specified, using dummy 'foo:bar'
[WARN ] 2017-11-02 12:16:37,493 [repositories/kiln] Class org.apache.xerces.parsers.SAXParser not found
[INFO ] 2017-11-02 12:16:37,503 [repositories/kiln] POST transaction to repository
[WARN ] 2017-11-02 12:16:37,504 [repositories/kiln] Class org.apache.xerces.parsers.SAXParser not found
[INFO ] 2017-11-02 12:16:37,511 [repositories/kiln] POST data to repository
[INFO ] 2017-11-02 12:16:37,511 [repositories/kiln] no base URI specified, using dummy 'foo:bar'
[WARN ] 2017-11-02 12:16:37,512 [repositories/kiln] Class org.apache.xerces.parsers.SAXParser not found
[INFO ] 2017-11-02 12:16:37,525 [repositories/kiln] POST transaction to repository
[WARN ] 2017-11-02 12:16:37,525 [repositories/kiln] Class org.apache.xerces.parsers.SAXParser not found
[INFO ] 2017-11-02 12:16:37,534 [repositories/kiln] POST data to repository
[INFO ] 2017-11-02 12:16:37,534 [repositories/kiln] no base URI specified, using dummy 'foo:bar'
[WARN ] 2017-11-02 12:16:37,534 [repositories/kiln] Class org.apache.xerces.parsers.SAXParser not found
[INFO ] 2017-11-02 12:16:37,544 [repositories/kiln] POST transaction to repository
[WARN ] 2017-11-02 12:16:37,544 [repositories/kiln] Class org.apache.xerces.parsers.SAXParser not found
[INFO ] 2017-11-02 12:16:37,553 [repositories/kiln] POST data to repository
[INFO ] 2017-11-02 12:16:37,553 [repositories/kiln] no base URI specified, using dummy 'foo:bar'
[WARN ] 2017-11-02 12:16:37,554 [repositories/kiln] Class org.apache.xerces.parsers.SAXParser not found
[INFO ] 2017-11-02 12:16:37,562 [repositories/kiln] POST transaction to repository
[WARN ] 2017-11-02 12:16:37,563 [repositories/kiln] Class org.apache.xerces.parsers.SAXParser not found
[INFO ] 2017-11-02 12:16:37,574 [repositories/kiln] POST data to repository
[INFO ] 2017-11-02 12:16:37,574 [repositories/kiln] no base URI specified, using dummy 'foo:bar'
[WARN ] 2017-11-02 12:16:37,575 [repositories/kiln] Class org.apache.xerces.parsers.SAXParser not found
[INFO ] 2017-11-02 12:16:37,586 [repositories/kiln] POST transaction to repository
[WARN ] 2017-11-02 12:16:37,587 [repositories/kiln] Class org.apache.xerces.parsers.SAXParser not found
[INFO ] 2017-11-02 12:16:37,594 [repositories/kiln] POST data to repository
[INFO ] 2017-11-02 12:16:37,594 [repositories/kiln] no base URI specified, using dummy 'foo:bar'
[WARN ] 2017-11-02 12:16:37,594 [repositories/kiln] Class org.apache.xerces.parsers.SAXParser not found
[INFO ] 2017-11-02 12:16:37,604 [repositories/kiln] POST transaction to repository
[WARN ] 2017-11-02 12:16:37,605 [repositories/kiln] Class org.apache.xerces.parsers.SAXParser not found
[INFO ] 2017-11-02 12:16:37,616 [repositories/kiln] POST data to repository
[INFO ] 2017-11-02 12:16:37,616 [repositories/kiln] no base URI specified, using dummy 'foo:bar'
[WARN ] 2017-11-02 12:16:37,617 [repositories/kiln] Class org.apache.xerces.parsers.SAXParser not found
[INFO ] 2017-11-02 12:16:37,628 [repositories/kiln] POST transaction to repository
[WARN ] 2017-11-02 12:16:37,628 [repositories/kiln] Class org.apache.xerces.parsers.SAXParser not found
[INFO ] 2017-11-02 12:16:37,638 [repositories/kiln] POST data to repository
[INFO ] 2017-11-02 12:16:37,639 [repositories/kiln] no base URI specified, using dummy 'foo:bar'
[WARN ] 2017-11-02 12:16:37,639 [repositories/kiln] Class org.apache.xerces.parsers.SAXParser not found
[INFO ] 2017-11-02 12:16:37,649 [repositories/kiln] POST transaction to repository
[WARN ] 2017-11-02 12:16:37,649 [repositories/kiln] Class org.apache.xerces.parsers.SAXParser not found
[INFO ] 2017-11-02 12:16:37,659 [repositories/kiln] POST data to repository
[INFO ] 2017-11-02 12:16:37,659 [repositories/kiln] no base URI specified, using dummy 'foo:bar'
[WARN ] 2017-11-02 12:16:37,659 [repositories/kiln] Class org.apache.xerces.parsers.SAXParser not found
[INFO ] 2017-11-02 12:16:37,671 [repositories/kiln] POST transaction to repository
[WARN ] 2017-11-02 12:16:37,671 [repositories/kiln] Class org.apache.xerces.parsers.SAXParser not found
[INFO ] 2017-11-02 12:16:37,680 [repositories/kiln] POST data to repository
[INFO ] 2017-11-02 12:16:37,680 [repositories/kiln] no base URI specified, using dummy 'foo:bar'
[WARN ] 2017-11-02 12:16:37,681 [repositories/kiln] Class org.apache.xerces.parsers.SAXParser not found
[INFO ] 2017-11-02 12:16:37,689 [repositories/kiln] POST transaction to repository
[WARN ] 2017-11-02 12:16:37,689 [repositories/kiln] Class org.apache.xerces.parsers.SAXParser not found
[INFO ] 2017-11-02 12:16:37,698 [repositories/kiln] POST data to repository
[INFO ] 2017-11-02 12:16:37,698 [repositories/kiln] no base URI specified, using dummy 'foo:bar'
[WARN ] 2017-11-02 12:16:37,698 [repositories/kiln] Class org.apache.xerces.parsers.SAXParser not found
[INFO ] 2017-11-02 12:16:37,707 [repositories/kiln] POST transaction to repository
[WARN ] 2017-11-02 12:16:37,707 [repositories/kiln] Class org.apache.xerces.parsers.SAXParser not found
[INFO ] 2017-11-02 12:16:37,717 [repositories/kiln] POST data to repository
[INFO ] 2017-11-02 12:16:37,718 [repositories/kiln] no base URI specified, using dummy 'foo:bar'
[WARN ] 2017-11-02 12:16:37,718 [repositories/kiln] Class org.apache.xerces.parsers.SAXParser not found
[INFO ] 2017-11-02 12:16:37,729 [repositories/kiln] POST transaction to repository
[WARN ] 2017-11-02 12:16:37,730 [repositories/kiln] Class org.apache.xerces.parsers.SAXParser not found
[INFO ] 2017-11-02 12:16:37,737 [repositories/kiln] POST data to repository
[INFO ] 2017-11-02 12:16:37,737 [repositories/kiln] no base URI specified, using dummy 'foo:bar'
[WARN ] 2017-11-02 12:16:37,738 [repositories/kiln] Class org.apache.xerces.parsers.SAXParser not found
[INFO ] 2017-11-02 12:16:37,745 [repositories/kiln] POST transaction to repository
[WARN ] 2017-11-02 12:16:37,745 [repositories/kiln] Class org.apache.xerces.parsers.SAXParser not found
[INFO ] 2017-11-02 12:16:37,751 [repositories/kiln] POST data to repository
[INFO ] 2017-11-02 12:16:37,751 [repositories/kiln] no base URI specified, using dummy 'foo:bar'
[WARN ] 2017-11-02 12:16:37,752 [repositories/kiln] Class org.apache.xerces.parsers.SAXParser not found
[INFO ] 2017-11-02 12:16:37,760 [repositories/kiln] POST transaction to repository
[WARN ] 2017-11-02 12:16:37,761 [repositories/kiln] Class org.apache.xerces.parsers.SAXParser not found
[INFO ] 2017-11-02 12:16:37,770 [repositories/kiln] POST data to repository
[INFO ] 2017-11-02 12:16:37,770 [repositories/kiln] no base URI specified, using dummy 'foo:bar'
[WARN ] 2017-11-02 12:16:37,771 [repositories/kiln] Class org.apache.xerces.parsers.SAXParser not found
[INFO ] 2017-11-02 12:16:37,782 [repositories/kiln] POST transaction to repository
[WARN ] 2017-11-02 12:16:37,782 [repositories/kiln] Class org.apache.xerces.parsers.SAXParser not found
[INFO ] 2017-11-02 12:16:37,933 [repositories/kiln] POST data to repository
[INFO ] 2017-11-02 12:16:37,933 [repositories/kiln] no base URI specified, using dummy 'foo:bar'
[WARN ] 2017-11-02 12:16:37,933 [repositories/kiln] Class org.apache.xerces.parsers.SAXParser not found
[INFO ] 2017-11-02 12:16:52,006 [repositories/kiln] POST query -1227659729
[INFO ] 2017-11-02 12:16:52,131 [repositories/kiln] Request for query -1227659729 is finished
[INFO ] 2017-11-02 12:17:57,173 [repositories/kiln] POST query -1227659729
[INFO ] 2017-11-02 12:17:57,195 [repositories/kiln] Request for query -1227659729 is finished
[INFO ] 2017-11-02 12:17:59,458 [repositories/kiln] POST query -1227659729
[INFO ] 2017-11-02 12:17:59,476 [repositories/kiln] Request for query -1227659729 is finished
[INFO ] 2017-11-02 12:18:01,531 [repositories/kiln] POST query -1227659729
[INFO ] 2017-11-02 12:18:01,548 [repositories/kiln] Request for query -1227659729 is finished
[INFO ] 2017-11-02 12:19:13,336 [repositories/kiln] POST query -1227659729
[INFO ] 2017-11-02 12:19:13,356 [repositories/kiln] Request for query -1227659729 is finished
[INFO ] 2017-11-02 12:19:22,812 [repositories/kiln] POST query -1227659729
[INFO ] 2017-11-02 12:19:22,831 [repositories/kiln] Request for query -1227659729 is finished
[INFO ] 2017-11-02 12:19:28,623 [repositories/kiln] POST transaction to repository
[WARN ] 2017-11-02 12:19:28,625 [repositories/kiln] Class org.apache.xerces.parsers.SAXParser not found
[INFO ] 2017-11-02 12:19:28,893 [repositories/kiln] POST data to repository
[INFO ] 2017-11-02 12:19:28,893 [repositories/kiln] no base URI specified, using dummy 'foo:bar'
[WARN ] 2017-11-02 12:19:28,894 [repositories/kiln] Class org.apache.xerces.parsers.SAXParser not found
[INFO ] 2017-11-02 12:19:29,002 [repositories/kiln] POST transaction to repository
[WARN ] 2017-11-02 12:19:29,002 [repositories/kiln] Class org.apache.xerces.parsers.SAXParser not found
[INFO ] 2017-11-02 12:19:29,135 [repositories/kiln] POST data to repository
[INFO ] 2017-11-02 12:19:29,135 [repositories/kiln] no base URI specified, using dummy 'foo:bar'
[WARN ] 2017-11-02 12:19:29,135 [repositories/kiln] Class org.apache.xerces.parsers.SAXParser not found
[INFO ] 2017-11-02 12:19:29,276 [repositories/kiln] POST transaction to repository
[WARN ] 2017-11-02 12:19:29,277 [repositories/kiln] Class org.apache.xerces.parsers.SAXParser not found
[INFO ] 2017-11-02 12:19:29,430 [repositories/kiln] POST data to repository
[INFO ] 2017-11-02 12:19:29,430 [repositories/kiln] no base URI specified, using dummy 'foo:bar'
[WARN ] 2017-11-02 12:19:29,431 [repositories/kiln] Class org.apache.xerces.parsers.SAXParser not found
[INFO ] 2017-11-02 12:19:29,527 [repositories/kiln] POST transaction to repository
[WARN ] 2017-11-02 12:19:29,527 [repositories/kiln] Class org.apache.xerces.parsers.SAXParser not found
[INFO ] 2017-11-02 12:19:29,665 [repositories/kiln] POST data to repository
[INFO ] 2017-11-02 12:19:29,665 [repositories/kiln] no base URI specified, using dummy 'foo:bar'
[WARN ] 2017-11-02 12:19:29,665 [repositories/kiln] Class org.apache.xerces.parsers.SAXParser not found
[INFO ] 2017-11-02 12:19:29,767 [repositories/kiln] POST transaction to repository
[WARN ] 2017-11-02 12:19:29,767 [repositories/kiln] Class org.apache.xerces.parsers.SAXParser not found
[INFO ] 2017-11-02 12:19:29,930 [repositories/kiln] POST data to repository
[INFO ] 2017-11-02 12:19:29,930 [repositories/kiln] no base URI specified, using dummy 'foo:bar'
[WARN ] 2017-11-02 12:19:29,931 [repositories/kiln] Class org.apache.xerces.parsers.SAXParser not found
[INFO ] 2017-11-02 12:19:30,035 [repositories/kiln] POST transaction to repository
[WARN ] 2017-11-02 12:19:30,035 [repositories/kiln] Class org.apache.xerces.parsers.SAXParser not found
[INFO ] 2017-11-02 12:19:30,204 [repositories/kiln] POST data to repository
[INFO ] 2017-11-02 12:19:30,204 [repositories/kiln] no base URI specified, using dummy 'foo:bar'
[WARN ] 2017-11-02 12:19:30,204 [repositories/kiln] Class org.apache.xerces.parsers.SAXParser not found
[INFO ] 2017-11-02 12:19:30,293 [repositories/kiln] POST transaction to repository
[WARN ] 2017-11-02 12:19:30,294 [repositories/kiln] Class org.apache.xerces.parsers.SAXParser not found
[INFO ] 2017-11-02 12:19:30,492 [repositories/kiln] POST data to repository
[INFO ] 2017-11-02 12:19:30,492 [repositories/kiln] no base URI specified, using dummy 'foo:bar'
[WARN ] 2017-11-02 12:19:30,493 [repositories/kiln] Class org.apache.xerces.parsers.SAXParser not found
[INFO ] 2017-11-02 12:19:30,593 [repositories/kiln] POST transaction to repository
[WARN ] 2017-11-02 12:19:30,594 [repositories/kiln] Class org.apache.xerces.parsers.SAXParser not found
[INFO ] 2017-11-02 12:19:30,720 [repositories/kiln] POST data to repository
[INFO ] 2017-11-02 12:19:30,720 [repositories/kiln] no base URI specified, using dummy 'foo:bar'
[WARN ] 2017-11-02 12:19:30,721 [repositories/kiln] Class org.apache.xerces.parsers.SAXParser not found
[INFO ] 2017-11-02 12:19:30,827 [repositories/kiln] POST transaction to repository
[WARN ] 2017-11-02 12:19:30,827 [repositories/kiln] Class org.apache.xerces.parsers.SAXParser not found
[INFO ] 2017-11-02 12:19:30,972 [repositories/kiln] POST data to repository
[INFO ] 2017-11-02 12:19:30,973 [repositories/kiln] no base URI specified, using dummy 'foo:bar'
[WARN ] 2017-11-02 12:19:30,974 [repositories/kiln] Class org.apache.xerces.parsers.SAXParser not found
[INFO ] 2017-11-02 12:19:31,076 [repositories/kiln] POST transaction to repository
[WARN ] 2017-11-02 12:19:31,076 [repositories/kiln] Class org.apache.xerces.parsers.SAXParser not found
[INFO ] 2017-11-02 12:19:31,208 [repositories/kiln] POST data to repository
[INFO ] 2017-11-02 12:19:31,208 [repositories/kiln] no base URI specified, using dummy 'foo:bar'
[WARN ] 2017-11-02 12:19:31,209 [repositories/kiln] Class org.apache.xerces.parsers.SAXParser not found
[INFO ] 2017-11-02 12:19:31,300 [repositories/kiln] POST transaction to repository
[WARN ] 2017-11-02 12:19:31,300 [repositories/kiln] Class org.apache.xerces.parsers.SAXParser not found
[INFO ] 2017-11-02 12:19:31,460 [repositories/kiln] POST data to repository
[INFO ] 2017-11-02 12:19:31,460 [repositories/kiln] no base URI specified, using dummy 'foo:bar'
[WARN ] 2017-11-02 12:19:31,461 [repositories/kiln] Class org.apache.xerces.parsers.SAXParser not found
[INFO ] 2017-11-02 12:19:31,539 [repositories/kiln] POST transaction to repository
[WARN ] 2017-11-02 12:19:31,539 [repositories/kiln] Class org.apache.xerces.parsers.SAXParser not found
[INFO ] 2017-11-02 12:19:31,545 [repositories/kiln] POST data to repository
[INFO ] 2017-11-02 12:19:31,545 [repositories/kiln] no base URI specified, using dummy 'foo:bar'
[WARN ] 2017-11-02 12:19:31,546 [repositories/kiln] Class org.apache.xerces.parsers.SAXParser not found
[INFO ] 2017-11-02 12:19:31,551 [repositories/kiln] POST transaction to repository
[WARN ] 2017-11-02 12:19:31,552 [repositories/kiln] Class org.apache.xerces.parsers.SAXParser not found
[INFO ] 2017-11-02 12:19:31,557 [repositories/kiln] POST data to repository
[INFO ] 2017-11-02 12:19:31,557 [repositories/kiln] no base URI specified, using dummy 'foo:bar'
[WARN ] 2017-11-02 12:19:31,557 [repositories/kiln] Class org.apache.xerces.parsers.SAXParser not found
[INFO ] 2017-11-02 12:19:31,563 [repositories/kiln] POST transaction to repository
[WARN ] 2017-11-02 12:19:31,563 [repositories/kiln] Class org.apache.xerces.parsers.SAXParser not found
[INFO ] 2017-11-02 12:19:31,567 [repositories/kiln] POST data to repository
[INFO ] 2017-11-02 12:19:31,567 [repositories/kiln] no base URI specified, using dummy 'foo:bar'
[WARN ] 2017-11-02 12:19:31,568 [repositories/kiln] Class org.apache.xerces.parsers.SAXParser not found
[INFO ] 2017-11-02 12:19:31,573 [repositories/kiln] POST transaction to repository
[WARN ] 2017-11-02 12:19:31,573 [repositories/kiln] Class org.apache.xerces.parsers.SAXParser not found
[INFO ] 2017-11-02 12:19:31,577 [repositories/kiln] POST data to repository
[INFO ] 2017-11-02 12:19:31,577 [repositories/kiln] no base URI specified, using dummy 'foo:bar'
[WARN ] 2017-11-02 12:19:31,578 [repositories/kiln] Class org.apache.xerces.parsers.SAXParser not found
[INFO ] 2017-11-02 12:19:31,586 [repositories/kiln] POST transaction to repository
[WARN ] 2017-11-02 12:19:31,587 [repositories/kiln] Class org.apache.xerces.parsers.SAXParser not found
[INFO ] 2017-11-02 12:19:31,593 [repositories/kiln] POST data to repository
[INFO ] 2017-11-02 12:19:31,593 [repositories/kiln] no base URI specified, using dummy 'foo:bar'
[WARN ] 2017-11-02 12:19:31,593 [repositories/kiln] Class org.apache.xerces.parsers.SAXParser not found
[INFO ] 2017-11-02 12:19:31,600 [repositories/kiln] POST transaction to repository
[WARN ] 2017-11-02 12:19:31,600 [repositories/kiln] Class org.apache.xerces.parsers.SAXParser not found
[INFO ] 2017-11-02 12:19:31,605 [repositories/kiln] POST data to repository
[INFO ] 2017-11-02 12:19:31,605 [repositories/kiln] no base URI specified, using dummy 'foo:bar'
[WARN ] 2017-11-02 12:19:31,606 [repositories/kiln] Class org.apache.xerces.parsers.SAXParser not found
[INFO ] 2017-11-02 12:19:31,611 [repositories/kiln] POST transaction to repository
[WARN ] 2017-11-02 12:19:31,612 [repositories/kiln] Class org.apache.xerces.parsers.SAXParser not found
[INFO ] 2017-11-02 12:19:31,617 [repositories/kiln] POST data to repository
[INFO ] 2017-11-02 12:19:31,617 [repositories/kiln] no base URI specified, using dummy 'foo:bar'
[WARN ] 2017-11-02 12:19:31,617 [repositories/kiln] Class org.apache.xerces.parsers.SAXParser not found
[INFO ] 2017-11-02 12:19:31,623 [repositories/kiln] POST transaction to repository
[WARN ] 2017-11-02 12:19:31,624 [repositories/kiln] Class org.apache.xerces.parsers.SAXParser not found
[INFO ] 2017-11-02 12:19:31,628 [repositories/kiln] POST data to repository
[INFO ] 2017-11-02 12:19:31,628 [repositories/kiln] no base URI specified, using dummy 'foo:bar'
[WARN ] 2017-11-02 12:19:31,628 [repositories/kiln] Class org.apache.xerces.parsers.SAXParser not found
[INFO ] 2017-11-02 12:19:31,635 [repositories/kiln] POST transaction to repository
[WARN ] 2017-11-02 12:19:31,635 [repositories/kiln] Class org.apache.xerces.parsers.SAXParser not found
[INFO ] 2017-11-02 12:19:31,639 [repositories/kiln] POST data to repository
[INFO ] 2017-11-02 12:19:31,639 [repositories/kiln] no base URI specified, using dummy 'foo:bar'
[WARN ] 2017-11-02 12:19:31,639 [repositories/kiln] Class org.apache.xerces.parsers.SAXParser not found
[INFO ] 2017-11-02 12:19:31,646 [repositories/kiln] POST transaction to repository
[WARN ] 2017-11-02 12:19:31,647 [repositories/kiln] Class org.apache.xerces.parsers.SAXParser not found
[INFO ] 2017-11-02 12:19:31,650 [repositories/kiln] POST data to repository
[INFO ] 2017-11-02 12:19:31,651 [repositories/kiln] no base URI specified, using dummy 'foo:bar'
[WARN ] 2017-11-02 12:19:31,651 [repositories/kiln] Class org.apache.xerces.parsers.SAXParser not found
[INFO ] 2017-11-02 12:19:31,656 [repositories/kiln] POST transaction to repository
[WARN ] 2017-11-02 12:19:31,656 [repositories/kiln] Class org.apache.xerces.parsers.SAXParser not found
[INFO ] 2017-11-02 12:19:31,661 [repositories/kiln] POST data to repository
[INFO ] 2017-11-02 12:19:31,661 [repositories/kiln] no base URI specified, using dummy 'foo:bar'
[WARN ] 2017-11-02 12:19:31,661 [repositories/kiln] Class org.apache.xerces.parsers.SAXParser not found
[INFO ] 2017-11-02 12:19:31,667 [repositories/kiln] POST transaction to repository
[WARN ] 2017-11-02 12:19:31,668 [repositories/kiln] Class org.apache.xerces.parsers.SAXParser not found
[INFO ] 2017-11-02 12:19:31,673 [repositories/kiln] POST data to repository
[INFO ] 2017-11-02 12:19:31,673 [repositories/kiln] no base URI specified, using dummy 'foo:bar'
[WARN ] 2017-11-02 12:19:31,674 [repositories/kiln] Class org.apache.xerces.parsers.SAXParser not found
[INFO ] 2017-11-02 12:19:31,681 [repositories/kiln] POST transaction to repository
[WARN ] 2017-11-02 12:19:31,683 [repositories/kiln] Class org.apache.xerces.parsers.SAXParser not found
[INFO ] 2017-11-02 12:19:31,688 [repositories/kiln] POST data to repository
[INFO ] 2017-11-02 12:19:31,688 [repositories/kiln] no base URI specified, using dummy 'foo:bar'
[WARN ] 2017-11-02 12:19:31,689 [repositories/kiln] Class org.apache.xerces.parsers.SAXParser not found
[INFO ] 2017-11-02 12:19:31,696 [repositories/kiln] POST transaction to repository
[WARN ] 2017-11-02 12:19:31,697 [repositories/kiln] Class org.apache.xerces.parsers.SAXParser not found
[INFO ] 2017-11-02 12:19:31,701 [repositories/kiln] POST data to repository
[INFO ] 2017-11-02 12:19:31,701 [repositories/kiln] no base URI specified, using dummy 'foo:bar'
[WARN ] 2017-11-02 12:19:31,702 [repositories/kiln] Class org.apache.xerces.parsers.SAXParser not found
[INFO ] 2017-11-02 12:19:31,708 [repositories/kiln] POST transaction to repository
[WARN ] 2017-11-02 12:19:31,708 [repositories/kiln] Class org.apache.xerces.parsers.SAXParser not found
[INFO ] 2017-11-02 12:19:31,712 [repositories/kiln] POST data to repository
[INFO ] 2017-11-02 12:19:31,712 [repositories/kiln] no base URI specified, using dummy 'foo:bar'
[WARN ] 2017-11-02 12:19:31,713 [repositories/kiln] Class org.apache.xerces.parsers.SAXParser not found
[INFO ] 2017-11-02 12:19:31,720 [repositories/kiln] POST transaction to repository
[WARN ] 2017-11-02 12:19:31,720 [repositories/kiln] Class org.apache.xerces.parsers.SAXParser not found
[INFO ] 2017-11-02 12:19:31,893 [repositories/kiln] POST data to repository
[INFO ] 2017-11-02 12:19:31,894 [repositories/kiln] no base URI specified, using dummy 'foo:bar'
[WARN ] 2017-11-02 12:19:31,894 [repositories/kiln] Class org.apache.xerces.parsers.SAXParser not found
[INFO ] 2017-11-02 12:19:38,457 [repositories/kiln] POST query -1227659729
[INFO ] 2017-11-02 12:19:38,477 [repositories/kiln] Request for query -1227659729 is finished
[INFO ] 2017-11-02 12:19:40,222 [repositories/kiln] POST query -1227659729
[INFO ] 2017-11-02 12:19:40,245 [repositories/kiln] Request for query -1227659729 is finished
[INFO ] 2017-11-02 15:01:11,260 [Thread-1] Closing org.springframework.web.context.support.XmlWebApplicationContext@6dc6608c: display name [WebApplicationContext for namespace 'openrdf-http-server-servlet']; startup date [Thu Nov 02 12:14:16 EET 2017]; root of context hierarchy
[INFO ] 2017-11-02 15:01:11,262 [Thread-1] Destroying singletons in org.springframework.beans.factory.support.DefaultListableBeanFactory@487fc205: defining beans [messageSource,adunaAppVersion,adunaAppConfig,adunaWebappNavigation,adunaWebappCommonValuesInserter,adunaWebappMessageInserter,adunaWebappNavigationInserter,filenameViewController,viewResolver,adunaWebappSystemUrlMapping,adunaWebappSystemOverviewController,adunaWebappLoggingOverviewController,adunaWebappSystemInfoController,openrdfRepositoryManager,scopedTarget.openrdfRepositoryInterceptor,openrdfRepositoryInterceptor,openrdfProtocolUrlMapping,openrdfRepositoryListUrlMapping,openrdfRepositoryUrlMapping,openrdfServerHomeUrlMapping,openrdfHandlerExceptionResolver,openrdfProtocolController,openrdfRepositoryListController,openrdfRepositoryController,openrdfRepositoryContextsController,openrdfRepositoryNamespacesController,openrdfRepositoryNamespaceController,openrdfRepositorySizeController,openrdfRepositoryStatementsController,openrdfRepositoryGraphController]; root of factory hierarchy
[INFO ] 2017-11-02 15:27:49,219 [main] Logback logging API implementation is configured.
[INFO ] 2017-11-02 15:27:54,616 [main] FrameworkServlet 'openrdf-http-server': initialization completed in 11011 ms
[INFO ] 2017-11-02 16:22:05,089 [Thread-1] Closing org.springframework.web.context.support.XmlWebApplicationContext@6dc6608c: display name [WebApplicationContext for namespace 'openrdf-http-server-servlet']; startup date [Thu Nov 02 15:27:43 EET 2017]; root of context hierarchy
[INFO ] 2017-11-02 16:22:05,091 [Thread-1] Destroying singletons in org.springframework.beans.factory.support.DefaultListableBeanFactory@487fc205: defining beans [messageSource,adunaAppVersion,adunaAppConfig,adunaWebappNavigation,adunaWebappCommonValuesInserter,adunaWebappMessageInserter,adunaWebappNavigationInserter,filenameViewController,viewResolver,adunaWebappSystemUrlMapping,adunaWebappSystemOverviewController,adunaWebappLoggingOverviewController,adunaWebappSystemInfoController,openrdfRepositoryManager,scopedTarget.openrdfRepositoryInterceptor,openrdfRepositoryInterceptor,openrdfProtocolUrlMapping,openrdfRepositoryListUrlMapping,openrdfRepositoryUrlMapping,openrdfServerHomeUrlMapping,openrdfHandlerExceptionResolver,openrdfProtocolController,openrdfRepositoryListController,openrdfRepositoryController,openrdfRepositoryContextsController,openrdfRepositoryNamespacesController,openrdfRepositoryNamespaceController,openrdfRepositorySizeController,openrdfRepositoryStatementsController,openrdfRepositoryGraphController]; root of factory hierarchy
[INFO ] 2017-11-02 16:22:31,801 [main] Logback logging API implementation is configured.
[INFO ] 2017-11-02 16:22:37,115 [main] FrameworkServlet 'openrdf-http-server': initialization completed in 10694 ms
[INFO ] 2017-11-02 16:23:58,723 [Thread-1] Closing org.springframework.web.context.support.XmlWebApplicationContext@6dc6608c: display name [WebApplicationContext for namespace 'openrdf-http-server-servlet']; startup date [Thu Nov 02 16:22:26 EET 2017]; root of context hierarchy
[INFO ] 2017-11-02 16:23:58,724 [Thread-1] Destroying singletons in org.springframework.beans.factory.support.DefaultListableBeanFactory@487fc205: defining beans [messageSource,adunaAppVersion,adunaAppConfig,adunaWebappNavigation,adunaWebappCommonValuesInserter,adunaWebappMessageInserter,adunaWebappNavigationInserter,filenameViewController,viewResolver,adunaWebappSystemUrlMapping,adunaWebappSystemOverviewController,adunaWebappLoggingOverviewController,adunaWebappSystemInfoController,openrdfRepositoryManager,scopedTarget.openrdfRepositoryInterceptor,openrdfRepositoryInterceptor,openrdfProtocolUrlMapping,openrdfRepositoryListUrlMapping,openrdfRepositoryUrlMapping,openrdfServerHomeUrlMapping,openrdfHandlerExceptionResolver,openrdfProtocolController,openrdfRepositoryListController,openrdfRepositoryController,openrdfRepositoryContextsController,openrdfRepositoryNamespacesController,openrdfRepositoryNamespaceController,openrdfRepositorySizeController,openrdfRepositoryStatementsController,openrdfRepositoryGraphController]; root of factory hierarchy
[INFO ] 2017-11-02 16:24:25,054 [main] Logback logging API implementation is configured.
[INFO ] 2017-11-02 16:24:30,344 [main] FrameworkServlet 'openrdf-http-server': initialization completed in 10672 ms
[INFO ] 2017-11-02 16:48:40,718 [Thread-1] Closing org.springframework.web.context.support.XmlWebApplicationContext@6dc6608c: display name [WebApplicationContext for namespace 'openrdf-http-server-servlet']; startup date [Thu Nov 02 16:24:19 EET 2017]; root of context hierarchy
[INFO ] 2017-11-02 16:48:40,720 [Thread-1] Destroying singletons in org.springframework.beans.factory.support.DefaultListableBeanFactory@487fc205: defining beans [messageSource,adunaAppVersion,adunaAppConfig,adunaWebappNavigation,adunaWebappCommonValuesInserter,adunaWebappMessageInserter,adunaWebappNavigationInserter,filenameViewController,viewResolver,adunaWebappSystemUrlMapping,adunaWebappSystemOverviewController,adunaWebappLoggingOverviewController,adunaWebappSystemInfoController,openrdfRepositoryManager,scopedTarget.openrdfRepositoryInterceptor,openrdfRepositoryInterceptor,openrdfProtocolUrlMapping,openrdfRepositoryListUrlMapping,openrdfRepositoryUrlMapping,openrdfServerHomeUrlMapping,openrdfHandlerExceptionResolver,openrdfProtocolController,openrdfRepositoryListController,openrdfRepositoryController,openrdfRepositoryContextsController,openrdfRepositoryNamespacesController,openrdfRepositoryNamespaceController,openrdfRepositorySizeController,openrdfRepositoryStatementsController,openrdfRepositoryGraphController]; root of factory hierarchy
